{
  "RSpec": {
    "coverage": {
      "/Users/margaretmcgovern/Desktop/projects/IntervYou/spec/controllers/answers_controller_spec.rb": [
        1,
        null,
        1,
        null,
        null
      ],
      "/Users/margaretmcgovern/Desktop/projects/IntervYou/spec/rails_helper.rb": [
        1,
        1,
        1,
        1,
        1,
        1,
        null,
        1,
        null,
        1,
        1,
        1,
        1,
        1,
        null,
        null,
        1,
        1,
        1,
        1,
        null,
        null
      ],
      "/Users/margaretmcgovern/Desktop/projects/IntervYou/config/environment.rb": [
        null,
        1,
        null,
        null,
        1
      ],
      "/Users/margaretmcgovern/Desktop/projects/IntervYou/config/application.rb": [
        1,
        null,
        1,
        null,
        1,
        1,
        1,
        1,
        1,
        1,
        1,
        null,
        null,
        null,
        null,
        null,
        1,
        null,
        1,
        1,
        null,
        1,
        null,
        null,
        null,
        null,
        null,
        null,
        null,
        null,
        1,
        null,
        null
      ],
      "/Users/margaretmcgovern/Desktop/projects/IntervYou/config/boot.rb": [
        1,
        null,
        1
      ],
      "/Users/margaretmcgovern/Desktop/projects/IntervYou/config/environments/test.rb": [
        1,
        null,
        null,
        null,
        null,
        null,
        null,
        1,
        null,
        null,
        null,
        null,
        1,
        null,
        null,
        1,
        1,
        null,
        null,
        null,
        null,
        1,
        1,
        null,
        null,
        1,
        null,
        null,
        1,
        1,
        null,
        null,
        null,
        null,
        1,
        null,
        null,
        1,
        null,
        null,
        null,
        null
      ],
      "/Users/margaretmcgovern/Desktop/projects/IntervYou/config/initializers/application_controller_renderer.rb": [
        null,
        null,
        null,
        null,
        null,
        null,
        null,
        null
      ],
      "/Users/margaretmcgovern/Desktop/projects/IntervYou/config/initializers/backtrace_silencers.rb": [
        null,
        null,
        null,
        null,
        null,
        null,
        null
      ],
      "/Users/margaretmcgovern/Desktop/projects/IntervYou/config/initializers/cors.rb": [
        1,
        1,
        1,
        null,
        1,
        null,
        null,
        null,
        null,
        null
      ],
      "/Users/margaretmcgovern/Desktop/projects/IntervYou/config/initializers/devise.rb": [
        1,
        1,
        null
      ],
      "/Users/margaretmcgovern/Desktop/projects/IntervYou/config/initializers/devise_token_auth.rb": [
        1,
        null,
        null,
        null,
        null,
        null,
        null,
        null,
        null,
        null,
        null,
        null,
        null,
        null,
        null,
        null,
        null,
        null,
        null,
        null,
        null,
        null,
        null,
        null,
        null,
        null,
        null,
        null,
        null,
        null,
        null,
        null,
        null,
        null,
        null,
        null,
        null,
        null,
        null,
        null,
        null,
        null,
        null,
        null,
        null,
        null,
        null,
        null
      ],
      "/Users/margaretmcgovern/Desktop/projects/IntervYou/config/initializers/filter_parameter_logging.rb": [
        null,
        null,
        null,
        1
      ],
      "/Users/margaretmcgovern/Desktop/projects/IntervYou/config/initializers/inflections.rb": [
        null,
        null,
        null,
        null,
        null,
        null,
        null,
        null,
        null,
        null,
        null,
        null,
        null,
        null,
        null,
        null
      ],
      "/Users/margaretmcgovern/Desktop/projects/IntervYou/config/initializers/mime_types.rb": [
        null,
        null,
        null,
        null
      ],
      "/Users/margaretmcgovern/Desktop/projects/IntervYou/config/initializers/rails_admin.rb": [
        1,
        null,
        null,
        null,
        null,
        null,
        null,
        null,
        null,
        null,
        null,
        null,
        null,
        null,
        null,
        null,
        null,
        null,
        null,
        null,
        null,
        null,
        null,
        null,
        null,
        1,
        1,
        1,
        1,
        1,
        1,
        1,
        1,
        1,
        1,
        null,
        null,
        null,
        null,
        null,
        null
      ],
      "/Users/margaretmcgovern/Desktop/projects/IntervYou/config/initializers/wrap_parameters.rb": [
        null,
        null,
        null,
        null,
        null,
        null,
        1,
        2,
        null,
        null,
        null,
        null,
        null,
        null
      ],
      "/Users/margaretmcgovern/Desktop/projects/IntervYou/config/routes.rb": [
        1,
        1,
        1,
        null,
        1,
        1,
        null,
        null
      ],
      "/Users/margaretmcgovern/Desktop/projects/IntervYou/app/models/user.rb": [
        1,
        null,
        1,
        null,
        null,
        1,
        1,
        1,
        null
      ],
      "/Users/margaretmcgovern/Desktop/projects/IntervYou/app/controllers/application_controller.rb": [
        1,
        1,
        1,
        null,
        1,
        0,
        null,
        null,
        1,
        0,
        null,
        null
      ],
      "/Users/margaretmcgovern/Desktop/projects/IntervYou/app/controllers/concerns/response.rb": [
        1,
        1,
        0,
        null,
        null
      ],
      "/Users/margaretmcgovern/Desktop/projects/IntervYou/app/channels/application_cable/channel.rb": [
        1,
        1,
        null,
        null
      ],
      "/Users/margaretmcgovern/Desktop/projects/IntervYou/app/channels/application_cable/connection.rb": [
        1,
        1,
        null,
        null
      ],
      "/Users/margaretmcgovern/Desktop/projects/IntervYou/app/controllers/answers_controller.rb": [
        1,
        1,
        null,
        1,
        0,
        0,
        0,
        null,
        null,
        1,
        0,
        0,
        null,
        null,
        1,
        0,
        0,
        0,
        null,
        null,
        1,
        0,
        0,
        0,
        null,
        null,
        null,
        null,
        null,
        1,
        0,
        0,
        0,
        null,
        null,
        null,
        null,
        null,
        1,
        null,
        1,
        0,
        null,
        null
      ],
      "/Users/margaretmcgovern/Desktop/projects/IntervYou/app/controllers/questions_controller.rb": [
        1,
        1,
        null,
        1,
        0,
        0,
        null,
        null,
        1,
        0,
        0,
        null,
        null,
        1,
        0,
        0,
        null,
        null,
        1,
        0,
        0,
        0,
        null,
        null,
        null,
        null,
        null,
        1,
        0,
        0,
        0,
        null,
        null,
        null,
        null,
        null,
        1,
        null,
        1,
        0,
        null,
        null
      ],
      "/Users/margaretmcgovern/Desktop/projects/IntervYou/app/jobs/application_job.rb": [
        1,
        null
      ],
      "/Users/margaretmcgovern/Desktop/projects/IntervYou/app/mailers/application_mailer.rb": [
        1,
        1,
        1,
        null
      ],
      "/Users/margaretmcgovern/Desktop/projects/IntervYou/app/models/answer.rb": [
        1,
        1,
        1,
        null
      ],
      "/Users/margaretmcgovern/Desktop/projects/IntervYou/app/models/application_record.rb": [
        1,
        1,
        null
      ],
      "/Users/margaretmcgovern/Desktop/projects/IntervYou/app/models/question.rb": [
        1,
        1,
        1,
        null
      ],
      "/Users/margaretmcgovern/Desktop/projects/IntervYou/spec/factories/answers.rb": [
        1,
        1,
        null,
        null,
        null
      ],
      "/Users/margaretmcgovern/Desktop/projects/IntervYou/spec/factories/questions.rb": [
        1,
        1,
        null,
        null,
        null
      ],
      "/Users/margaretmcgovern/Desktop/projects/IntervYou/spec/factories/users.rb": [
        1,
        1,
        null,
        null,
        null
      ],
      "/Users/margaretmcgovern/Desktop/projects/IntervYou/spec/controllers/questions_controller_spec.rb": [
        1,
        null,
        1,
        null,
        null
      ],
      "/Users/margaretmcgovern/Desktop/projects/IntervYou/spec/models/answer_spec.rb": [
        1,
        null,
        1,
        2,
        2,
        null,
        null,
        1,
        2,
        2,
        2,
        2,
        2,
        null
      ],
      "/Users/margaretmcgovern/Desktop/projects/IntervYou/spec/models/question_spec.rb": [
        1,
        null,
        1,
        2,
        2,
        null,
        null,
        1,
        2,
        2,
        2,
        2,
        null
      ],
      "/Users/margaretmcgovern/Desktop/projects/IntervYou/spec/models/user_spec.rb": [
        1,
        null,
        1,
        2,
        2,
        null,
        null,
        1,
        2,
        2,
        2,
        2,
        2,
        2,
        null
      ]
    },
    "timestamp": 1513385169
  }
}
